Arguments: 
  C:\Program Files\nodejs\node.exe C:\Program Files (x86)\Yarn\bin\yarn.js publish

PATH: 
  D:\works\gmsoft-mini-app\packages\react-hanger\node_modules\.bin;C:\snapshot\dist\node-gyp-bin;D:\works\gmsoft-mini-app\node_modules\.bin;C:\Users\Administrator\Desktop\openjdk-15.0.2_windows-x64_bin\jdk-15.0.2\bin;C:\Program Files\Git\usr\bin;C:\Windows;C:\Windows\System32\Wbem;C:\Windows\System32\WindowsPowerShell\v1.0\;C:\Program Files (x86)\NVIDIA Corporation\PhysX\Common;C:\Users\Administrator\AppData\Roaming\nvm;C:\Program Files\Git\cmd;C:\Windows\system32;D:\Program Files\cmder;C:\Program Files\apache-maven-3.6.1\bin;C:\Program Files\Python;C:\Program Files\Python\Scripts;C:\Program Files\7-Zip;D:\apache-jmeter-5.1.1\bin;C:\Users\Administrator\AppData\Local\Yarn\bin;C:\Program Files (x86)\NetSarang\Xshell 7\;C:\Program Files (x86)\NetSarang\Xftp 7\;C:\Program Files (x86)\Yarn\bin\;C:\Program Files\Java\jdk-11.0.1\bin;C:\Program Files\Java\jdk-11.0.1\jre\bin;d:\Program Files (x86)\Tencent\微信web开发者工具\dll;C:\Program Files\TortoiseSVN\bin;C:\Users\Administrator\AppData\Roaming\nvm;C:\Program Files\nodejs;C:\Users\Administrator\.cargo\bin;C:\Users\Administrator\scoop\shims;C:\Users\Administrator\AppData\Local\Microsoft\WindowsApps;C:\Users\Administrator\AppData\Local\Programs\Microsoft VS Code\bin;C:\Users\Administrator\AppData\Roaming\nvm;C:\Users\Administrator\AppData\Local\GitHubDesktop\bin;d:\Fiddler;C:\Users\Administrator\AppData\Local\Yarn\bin;C:\Users\Administrator\AppData\Roaming\nvm;C:\Program Files\nodejs;

Yarn version: 
  1.22.19

Node version: 
  16.20.0

Platform: 
  win32 x64

Trace: 
  Error: canceled
      at Interface.<anonymous> (C:\Program Files (x86)\Yarn\lib\cli.js:137150:13)
      at Interface.emit (node:events:513:28)
      at Interface._ttyWrite (node:readline:1085:16)
      at ReadStream.onkeypress (node:readline:291:10)
      at ReadStream.emit (node:events:513:28)
      at emitKeys (node:internal/readline/utils:357:14)
      at emitKeys.next (<anonymous>)
      at ReadStream.onData (node:internal/readline/emitKeypressEvents:61:36)
      at ReadStream.emit (node:events:513:28)
      at addChunk (node:internal/streams/readable:315:12)

npm manifest: 
  {
    "name": "@gmsoft-mini-app/react-hanger",
    "version": "1.0.3",
    "description": "",
    "publishConfig": {
      "registry": "http://192.168.2.10:8081/repository/npm.hosted/"
    },
    "main": "dist/index.js",
    "scripts": {
      "build": "rollup --config",
      "pub": "pnpm run build && yarn publish"
    },
    "keywords": [],
    "author": "",
    "license": "ISC",
    "dependencies": {
      "lodash": "^4.17.21"
    },
    "devDependencies": {
      "react": "18.2.0",
      "react-redux": "8.1.3",
      "redux": "4.2.1"
    },
    "peerDependencies": {
      "react": "18.2.0",
      "react-redux": "8.1.3"
    }
  }

yarn manifest: 
  No manifest

Lockfile: 
  No lockfile
